[debug] [2025-12-17T14:24:12.662Z] ----------------------------------------------------------------------
[debug] [2025-12-17T14:24:12.664Z] Command:       C:\Program Files\nodejs\node.exe C:\Users\ranji\AppData\Roaming\npm\node_modules\firebase-tools\lib\bin\firebase.js init
[debug] [2025-12-17T14:24:12.664Z] CLI Version:   15.0.0
[debug] [2025-12-17T14:24:12.664Z] Platform:      win32
[debug] [2025-12-17T14:24:12.664Z] Node Version:  v22.16.0
[debug] [2025-12-17T14:24:12.664Z] Time:          Wed Dec 17 2025 19:54:12 GMT+0530 (India Standard Time)
[debug] [2025-12-17T14:24:12.664Z] ----------------------------------------------------------------------
[debug] 
[info] 
     ######## #### ########  ######## ########     ###     ######  ########
     ##        ##  ##     ## ##       ##     ##  ##   ##  ##       ##
     ######    ##  ########  ######   ########  #########  ######  ######
     ##        ##  ##    ##  ##       ##     ## ##     ##       ## ##
     ##       #### ##     ## ######## ########  ##     ##  ######  ########

You're about to initialize a Firebase project in this directory:

  C:\Users\ranji\OneDrive\Desktop\programming\Websites\watchlist

[info] 
=== Project Setup
[info] 
[info] First, let's associate this project directory with a Firebase project.
[info] You can create multiple project aliases by running firebase use --add, 
[info] 
[debug] [2025-12-17T14:24:50.118Z] > command requires scopes: ["email","openid","https://www.googleapis.com/auth/cloudplatformprojects.readonly","https://www.googleapis.com/auth/firebase","https://www.googleapis.com/auth/cloud-platform"]
[debug] [2025-12-17T14:24:50.119Z] > authorizing via signed-in user (ranjit.choudhary0123@gmail.com)
[debug] [2025-12-17T14:24:50.121Z] Checked if tokens are valid: true, expires at: 1765985033319
[debug] [2025-12-17T14:24:50.121Z] Checked if tokens are valid: true, expires at: 1765985033319
[debug] [2025-12-17T14:24:50.123Z] >>> [apiv2][query] GET https://firebase.googleapis.com/v1beta1/projects pageSize=100
[debug] [2025-12-17T14:24:50.806Z] <<< [apiv2][status] GET https://firebase.googleapis.com/v1beta1/projects 200
[debug] [2025-12-17T14:24:50.806Z] <<< [apiv2][body] GET https://firebase.googleapis.com/v1beta1/projects [omitted]
[info] 
=== Hosting Setup
[debug] [2025-12-17T14:24:52.710Z] Checked if tokens are valid: true, expires at: 1765985033319
[debug] [2025-12-17T14:24:52.710Z] Checked if tokens are valid: true, expires at: 1765985033319
[debug] [2025-12-17T14:24:52.710Z] >>> [apiv2][query] GET https://firebase.googleapis.com/v1beta1/projects/wachtlist-maker [none]
[debug] [2025-12-17T14:24:53.099Z] <<< [apiv2][status] GET https://firebase.googleapis.com/v1beta1/projects/wachtlist-maker 200
[debug] [2025-12-17T14:24:53.099Z] <<< [apiv2][body] GET https://firebase.googleapis.com/v1beta1/projects/wachtlist-maker {"projectId":"wachtlist-maker","projectNumber":"441770745880","displayName":"Wachtlist-maker","name":"projects/wachtlist-maker","resources":{"hostingSite":"wachtlist-maker"},"state":"ACTIVE","etag":"1_7ded38fe-500b-4103-ad29-7a972f755acd"}
[info] 
[info] Your public directory is the folder (relative to your project directory) that
[info] will contain Hosting assets to be uploaded with firebase deploy. If you
[info] have a build process for your assets, use your build's output directory.
[info] 
[info] 
[info] i  Didn't detect a .git folder. Assuming C:\Users\ranji\OneDrive\Desktop\programming\Websites\watchlist is the project root. 
[info] i  Authorizing with GitHub to upload your service account to a GitHub repository's secrets store. 
[info] 
[info] Visit this URL on this device to log in:
[info] https://github.com/login/oauth/authorize?client_id=89cf50f02ac6aaed3484&state=606050320&redirect_uri=http%3A%2F%2Flocalhost%3A9005&scope=read%3Auser%20repo%20public_repo
[info] 
[info] Waiting for authentication...
[debug] [2025-12-17T14:25:37.540Z] >>> [apiv2][query] POST https://github.com/login/oauth/access_token [none]
[debug] [2025-12-17T14:25:37.541Z] >>> [apiv2][body] POST https://github.com/login/oauth/access_token [stream]
[debug] [2025-12-17T14:25:37.953Z] <<< [apiv2][status] POST https://github.com/login/oauth/access_token 200
[debug] [2025-12-17T14:25:37.953Z] <<< [apiv2][body] POST https://github.com/login/oauth/access_token {"access_token":"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","token_type":"bearer","scope":"read:user,repo"}
[debug] [2025-12-17T14:25:37.959Z] >>> [apiv2][query] GET https://api.github.com/user [none]
[debug] [2025-12-17T14:25:38.335Z] <<< [apiv2][status] GET https://api.github.com/user 200
[debug] [2025-12-17T14:25:38.335Z] <<< [apiv2][body] GET https://api.github.com/user {"login":"Ranjit-choudhary","id":67905730,"node_id":"MDQ6VXNlcjY3OTA1NzMw","avatar_url":"https://avatars.githubusercontent.com/u/67905730?v=4","gravatar_id":"","url":"https://api.github.com/users/Ranjit-choudhary","html_url":"https://github.com/Ranjit-choudhary","followers_url":"https://api.github.com/users/Ranjit-choudhary/followers","following_url":"https://api.github.com/users/Ranjit-choudhary/following{/other_user}","gists_url":"https://api.github.com/users/Ranjit-choudhary/gists{/gist_id}","starred_url":"https://api.github.com/users/Ranjit-choudhary/starred{/owner}{/repo}","subscriptions_url":"https://api.github.com/users/Ranjit-choudhary/subscriptions","organizations_url":"https://api.github.com/users/Ranjit-choudhary/orgs","repos_url":"https://api.github.com/users/Ranjit-choudhary/repos","events_url":"https://api.github.com/users/Ranjit-choudhary/events{/privacy}","received_events_url":"https://api.github.com/users/Ranjit-choudhary/received_events","type":"User","user_view_type":"private","site_admin":false,"name":"Ranjit","company":null,"blog":"ranjit.cc","location":null,"email":null,"hireable":null,"bio":null,"twitter_username":null,"notification_email":null,"public_repos":7,"public_gists":0,"followers":1,"following":0,"created_at":"2020-07-06T11:42:33Z","updated_at":"2025-12-17T08:44:03Z","private_gists":0,"total_private_repos":12,"owned_private_repos":12,"disk_usage":32945,"collaborators":4,"two_factor_authentication":true,"plan":{"name":"pro","space":976562499,"collaborators":0,"private_repos":9999}}
[info] 
[info] +  Success! Logged into GitHub as Ranjit-choudhary 
[info] 
